<?xml version="1.0" encoding="UTF-8"?>
<!-- Generated by org.testng.reporters.JUnitReportReporter -->
<testsuite skipped="0" hostname="DESKTOP-AN4EFDO" name="SignInTest" tests="1" failures="0" timestamp="2019-09-19T11:57:12 IST" time="17.345" errors="0">
  <testcase name="shouldThrowAnErrorIfSignInDetailsAreMissing" time="17.345" classname="SignInTest"/>
</testsuite> <!-- SignInTest -->
