<?xml version="1.0" encoding="UTF-8"?>
<!-- Generated by org.testng.reporters.JUnitReportReporter -->
<testsuite skipped="0" hostname="DESKTOP-AN4EFDO" name="HotelBookingTest" tests="1" failures="0" timestamp="2019-09-19T11:56:02 IST" time="19.559" errors="0">
  <testcase name="shouldBeAbleToSearchForHotels" time="19.559" classname="HotelBookingTest"/>
</testsuite> <!-- HotelBookingTest -->
